INFO  2024-06-14 17:40:10 - ====================================================
INFO  2024-06-14 17:40:10 - Start :-Automation test
INFO  2024-06-14 17:40:10 - ====================================================
INFO  2024-06-14 17:40:10 - 
INFO  2024-06-14 17:40:10 - ---------------------------------------------------
INFO  2024-06-14 17:40:10 - ====================================================
INFO  2024-06-14 17:40:10 - LOGIN Started 
INFO  2024-06-14 17:40:10 - ====================================================
INFO  2024-06-14 17:40:10 - [+] Inside login
INFO  2024-06-14 17:40:10 - [+] Inside setUserName
INFO  2024-06-14 17:40:10 - [+] Successfully enter userName 
INFO  2024-06-14 17:40:10 - [+] Inside setPassword
INFO  2024-06-14 17:40:10 - [+] Successfully enter password 
INFO  2024-06-14 17:40:10 - [+] Inside clickLoginButton
INFO  2024-06-14 17:40:10 - [+] Successfully click on login button 
INFO  2024-06-14 17:40:10 - [+] Successfully login 
INFO  2024-06-14 17:40:10 - LOGIN passed
INFO  2024-06-14 17:40:10 - ====================================================
INFO  2024-06-14 17:40:10 - LOGIN Ended 
INFO  2024-06-14 17:40:10 - ====================================================
INFO  2024-06-14 17:40:10 - ---------------------------------------------------
INFO  2024-06-14 17:40:10 - 
INFO  2024-06-14 17:40:11 - ====================================================
INFO  2024-06-14 17:40:11 - Finish :-Automation test
INFO  2024-06-14 17:40:11 - ====================================================
